<?xml version="1.0" encoding="UTF-8"?>
<testng-results ignored="0" total="3" passed="2" failed="1" skipped="0">
  <reporter-output>
  </reporter-output>
  <suite started-at="2022-12-08T20:18:27 IST" name="Default suite" finished-at="2022-12-08T20:18:45 IST" duration-ms="18663">
    <groups>
    </groups>
    <test started-at="2022-12-08T20:18:27 IST" name="Default test" finished-at="2022-12-08T20:18:45 IST" duration-ms="18663">
      <class name="com.blog.scripts.TestClas">
        <test-method is-config="true" signature="onSetup()[pri:0, instance:com.blog.scripts.TestClas@74751b3]" started-at="2022-12-08T20:18:27 IST" name="onSetup" finished-at="2022-12-08T20:18:40 IST" duration-ms="13441" status="PASS">
          <reporter-output>
          </reporter-output>
        </test-method> <!-- onSetup -->
        <test-method signature="VerifyValidLogin()[pri:1, instance:com.blog.scripts.TestClas@74751b3]" started-at="2022-12-08T20:18:40 IST" name="VerifyValidLogin" finished-at="2022-12-08T20:18:44 IST" duration-ms="3692" status="PASS">
          <reporter-output>
          </reporter-output>
        </test-method> <!-- VerifyValidLogin -->
        <test-method signature="Verifyaction()[pri:2, instance:com.blog.scripts.TestClas@74751b3]" started-at="2022-12-08T20:18:44 IST" name="Verifyaction" finished-at="2022-12-08T20:18:45 IST" duration-ms="1302" status="PASS">
          <reporter-output>
          </reporter-output>
        </test-method> <!-- Verifyaction -->
        <test-method signature="Verifyapprove()[pri:3, instance:com.blog.scripts.TestClas@74751b3]" started-at="2022-12-08T20:18:45 IST" name="Verifyapprove" finished-at="2022-12-08T20:18:45 IST" duration-ms="36" status="FAIL">
          <exception class="java.lang.NullPointerException">
            <message>
              <![CDATA[Cannot invoke "com.blog.pages.Approv.Clickapprove()" because "this.objapp" is null]]>
            </message>
            <full-stacktrace>
              <![CDATA[java.lang.NullPointerException: Cannot invoke "com.blog.pages.Approv.Clickapprove()" because "this.objapp" is null
at com.blog.scripts.TestClas.Verifyapprove(TestClas.java:47)
at java.base/jdk.internal.reflect.DirectMethodHandleAccessor.invoke(DirectMethodHandleAccessor.java:104)
at java.base/java.lang.reflect.Method.invoke(Method.java:577)
at org.testng.internal.MethodInvocationHelper.invokeMethod(MethodInvocationHelper.java:133)
at org.testng.internal.TestInvoker.invokeMethod(TestInvoker.java:598)
at org.testng.internal.TestInvoker.invokeTestMethod(TestInvoker.java:173)
at org.testng.internal.MethodRunner.runInSequence(MethodRunner.java:46)
at org.testng.internal.TestInvoker$MethodInvocationAgent.invoke(TestInvoker.java:824)
at org.testng.internal.TestInvoker.invokeTestMethods(TestInvoker.java:146)
at org.testng.internal.TestMethodWorker.invokeTestMethods(TestMethodWorker.java:146)
at org.testng.internal.TestMethodWorker.run(TestMethodWorker.java:128)
at java.base/java.util.ArrayList.forEach(ArrayList.java:1511)
at org.testng.TestRunner.privateRun(TestRunner.java:794)
at org.testng.TestRunner.run(TestRunner.java:596)
at org.testng.SuiteRunner.runTest(SuiteRunner.java:377)
at org.testng.SuiteRunner.runSequentially(SuiteRunner.java:371)
at org.testng.SuiteRunner.privateRun(SuiteRunner.java:332)
at org.testng.SuiteRunner.run(SuiteRunner.java:276)
at org.testng.SuiteRunnerWorker.runSuite(SuiteRunnerWorker.java:53)
at org.testng.SuiteRunnerWorker.run(SuiteRunnerWorker.java:96)
at org.testng.TestNG.runSuitesSequentially(TestNG.java:1212)
at org.testng.TestNG.runSuitesLocally(TestNG.java:1134)
at org.testng.TestNG.runSuites(TestNG.java:1063)
at org.testng.TestNG.run(TestNG.java:1031)
at org.testng.remote.AbstractRemoteTestNG.run(AbstractRemoteTestNG.java:115)
at org.testng.remote.RemoteTestNG.initAndRun(RemoteTestNG.java:251)
at org.testng.remote.RemoteTestNG.main(RemoteTestNG.java:77)
]]>
            </full-stacktrace>
          </exception> <!-- java.lang.NullPointerException -->
          <reporter-output>
          </reporter-output>
        </test-method> <!-- Verifyapprove -->
      </class> <!-- com.blog.scripts.TestClas -->
    </test> <!-- Default test -->
  </suite> <!-- Default suite -->
</testng-results>
